<?xml version="1.0" encoding="UTF-8"?>
<!-- Generated by org.testng.reporters.JUnitReportReporter -->
<testsuite skipped="0" hostname="DESKTOP-OOVK8FR" name="Appa" tests="1" failures="0" timestamp="17 May 2019 01:52:48 GMT" time="0.037" errors="0">
  <testcase name="demotest" time="0.037" classname="Appa"/>
</testsuite> <!-- Appa -->
